<?xml version="1.0" encoding="UTF-8"?>
<!-- Generated by org.testng.reporters.JUnitReportReporter -->
<testsuite hostname="Aniket" failures="0" tests="1" name="rahulshettyacademy.tests.ErrorValidations" time="3.028" errors="0" timestamp="2025-04-03T14:33:08 IST" skipped="0">
  <testcase classname="rahulshettyacademy.tests.ErrorValidations" name="ErrorValidationsTest" time="3.028"/>
</testsuite> <!-- rahulshettyacademy.tests.ErrorValidations -->
