<?xml version="1.0" encoding="UTF-8"?>
<!-- Generated by org.testng.reporters.JUnitReportReporter -->
<testsuite hostname="Aniket" failures="0" tests="3" name="rahulshettyacademy.tests.StandAloneTest" time="19.461" errors="0" timestamp="2025-04-18T12:49:18 IST" skipped="0">
  <testcase classname="rahulshettyacademy.tests.StandAloneTest" name="submitOrder" time="12.445"/>
  <testcase classname="rahulshettyacademy.tests.StandAloneTest" name="ordersHistoryTest" time="2.225"/>
  <testcase classname="rahulshettyacademy.tests.StandAloneTest" name="submitOrder" time="4.791"/>
</testsuite> <!-- rahulshettyacademy.tests.StandAloneTest -->
