<?xml version="1.0" encoding="UTF-8"?>
<!-- Generated by org.testng.reporters.JUnitReportReporter -->
<testsuite hostname="Aniket" failures="0" tests="1" name="rahulshettyacademy.tests.ErrorValidationsTest" time="3.259" errors="0" timestamp="2025-04-18T12:49:18 IST" skipped="0">
  <testcase classname="rahulshettyacademy.tests.ErrorValidationsTest" name="ErrorValidationsTest" time="3.259"/>
</testsuite> <!-- rahulshettyacademy.tests.ErrorValidationsTest -->
